build/app/intermediates/manifest_merge_blame_file/debug/manifest-merger-blame-debug-report.txt
1<?xml version="1.0" encoding="utf-8"?>
2<manifest xmlns:android="http://schemas.android.com/apk/res/android"
3    package="com.example.fitflow"
4    android:versionCode="1"
5    android:versionName="1.0.0" >
6
7    <uses-sdk
8        android:minSdkVersion="24"
9        android:targetSdkVersion="29" />
10    <!--
11         Flutter needs it to communicate with the running application
12         to allow setting breakpoints, to provide hot reload, etc.
13    -->
14    <uses-permission android:name="android.permission.INTERNET" />
14-->src/debug/AndroidManifest.xml:6:5-66
14-->src/debug/AndroidManifest.xml:6:22-64
15    <uses-permission android:name="android.permission.CAMERA" />
15-->[:camera] AndroidManifest.xml:7:5-65
15-->[:camera] AndroidManifest.xml:7:22-62
16    <uses-permission android:name="android.permission.RECORD_AUDIO" />
16-->[:camera] AndroidManifest.xml:8:5-71
16-->[:camera] AndroidManifest.xml:8:22-68
17    <uses-permission android:name="android.permission.READ_EXTERNAL_STORAGE" />
17-->[:image_picker] AndroidManifest.xml:7:5-80
17-->[:image_picker] AndroidManifest.xml:7:22-77
18    <uses-permission android:name="android.permission.WRITE_EXTERNAL_STORAGE" /> <!-- Although the *SdkVersion is captured in gradle build files, this is required for non gradle builds -->
18-->[:image_picker] AndroidManifest.xml:8:5-81
18-->[:image_picker] AndroidManifest.xml:8:22-78
19    <!-- <uses-sdk android:minSdkVersion="14" /> -->
20    <uses-permission android:name="android.permission.ACCESS_NETWORK_STATE" />
20-->[com.google.firebase:firebase-firestore:21.1.1] AndroidManifest.xml:13:5-79
20-->[com.google.firebase:firebase-firestore:21.1.1] AndroidManifest.xml:13:22-76
21    <uses-permission android:name="android.permission.WAKE_LOCK" /> <!-- Required by older versions of Google Play services to create IID tokens -->
21-->[com.google.android.gms:play-services-measurement-api:17.2.0] AndroidManifest.xml:24:5-68
21-->[com.google.android.gms:play-services-measurement-api:17.2.0] AndroidManifest.xml:24:22-65
22    <uses-permission android:name="com.google.android.c2dm.permission.RECEIVE" />
22-->[com.google.firebase:firebase-iid:19.0.0] AndroidManifest.xml:26:5-82
22-->[com.google.firebase:firebase-iid:19.0.0] AndroidManifest.xml:26:22-79
23    <uses-permission android:name="com.google.android.finsky.permission.BIND_GET_INSTALL_REFERRER_SERVICE" />
23-->[com.google.android.gms:play-services-measurement:17.2.0] AndroidManifest.xml:26:5-110
23-->[com.google.android.gms:play-services-measurement:17.2.0] AndroidManifest.xml:26:22-107
24    <!--
25 io.flutter.app.FlutterApplication is an android.app.Application that
26         calls FlutterMain.startInitialization(this); in its onCreate method.
27         In most cases you can leave this as-is, but you if you want to provide
28         additional functionality it is fine to subclass or reimplement
29         FlutterApplication and put your custom class here.
30    -->
31    <application
31-->src/main/AndroidManifest.xml:9:5-32:19
32        android:name="io.flutter.app.FlutterApplication"
32-->src/main/AndroidManifest.xml:10:9-57
33        android:appComponentFactory="androidx.core.app.CoreComponentFactory"
33-->[androidx.core:core:1.0.2] AndroidManifest.xml:22:18-86
34        android:debuggable="true"
35        android:extractNativeLibs="false"
36        android:icon="@mipmap/ic_launcher"
36-->src/main/AndroidManifest.xml:12:9-43
37        android:label="fitflow"
37-->src/main/AndroidManifest.xml:11:9-32
38        android:testOnly="true" >
39        <activity
39-->src/main/AndroidManifest.xml:13:9-31:20
40            android:name="com.example.fitflow.MainActivity"
40-->src/main/AndroidManifest.xml:14:13-41
41            android:configChanges="orientation|keyboardHidden|keyboard|screenSize|locale|layoutDirection|fontScale|screenLayout|density|uiMode"
41-->src/main/AndroidManifest.xml:17:13-144
42            android:hardwareAccelerated="true"
42-->src/main/AndroidManifest.xml:18:13-47
43            android:launchMode="singleTop"
43-->src/main/AndroidManifest.xml:15:13-43
44            android:theme="@style/LaunchTheme"
44-->src/main/AndroidManifest.xml:16:13-47
45            android:windowSoftInputMode="adjustResize" >
45-->src/main/AndroidManifest.xml:19:13-55
46
47            <!--
48                 This keeps the window background of the activity showing
49                 until Flutter renders its first frame. It can be removed if
50                 there is no splash screen (such as the default splash screen
51                 defined in @style/LaunchTheme).
52            -->
53            <meta-data
53-->src/main/AndroidManifest.xml:24:13-26:40
54                android:name="io.flutter.app.android.SplashScreenUntilFirstFrame"
54-->src/main/AndroidManifest.xml:25:17-82
55                android:value="true" />
55-->src/main/AndroidManifest.xml:26:17-37
56
57            <intent-filter>
57-->src/main/AndroidManifest.xml:27:13-30:29
58                <action android:name="android.intent.action.MAIN" />
58-->src/main/AndroidManifest.xml:28:17-68
58-->src/main/AndroidManifest.xml:28:25-66
59
60                <category android:name="android.intent.category.LAUNCHER" />
60-->src/main/AndroidManifest.xml:29:17-76
60-->src/main/AndroidManifest.xml:29:27-74
61            </intent-filter>
62        </activity>
63
64        <service
64-->[:firebase_storage] AndroidManifest.xml:8:9-12:19
65            android:name="com.google.firebase.components.ComponentDiscoveryService"
65-->[:firebase_storage] AndroidManifest.xml:8:18-89
66            android:directBootAware="true"
66-->[com.google.firebase:firebase-common:19.1.0] AndroidManifest.xml:14:13-43
67            android:exported="false" >
67-->[com.google.firebase:firebase-auth:19.1.0] AndroidManifest.xml:35:13-37
68            <meta-data
68-->[:firebase_storage] AndroidManifest.xml:9:13-11:85
69                android:name="com.google.firebase.components:io.flutter.plugins.firebase.storage.FlutterFirebaseAppRegistrar"
69-->[:firebase_storage] AndroidManifest.xml:10:17-126
70                android:value="com.google.firebase.components.ComponentRegistrar" />
70-->[:firebase_storage] AndroidManifest.xml:11:17-82
71            <meta-data
71-->[:cloud_firestore] AndroidManifest.xml:9:13-11:85
72                android:name="com.google.firebase.components:io.flutter.plugins.firebase.cloudfirestore.FlutterFirebaseAppRegistrar"
72-->[:cloud_firestore] AndroidManifest.xml:10:17-133
73                android:value="com.google.firebase.components.ComponentRegistrar" />
73-->[:cloud_firestore] AndroidManifest.xml:11:17-82
74            <meta-data
74-->[:firebase_auth] AndroidManifest.xml:9:13-11:85
75                android:name="com.google.firebase.components:io.flutter.plugins.firebaseauth.FlutterFirebaseAppRegistrar"
75-->[:firebase_auth] AndroidManifest.xml:10:17-122
76                android:value="com.google.firebase.components.ComponentRegistrar" />
76-->[:firebase_auth] AndroidManifest.xml:11:17-82
77            <meta-data
77-->[:firebase_core] AndroidManifest.xml:9:13-11:85
78                android:name="com.google.firebase.components:io.flutter.plugins.firebase.core.FlutterFirebaseAppRegistrar"
78-->[:firebase_core] AndroidManifest.xml:10:17-123
79                android:value="com.google.firebase.components.ComponentRegistrar" />
79-->[:firebase_core] AndroidManifest.xml:11:17-82
80            <meta-data
80-->[com.google.firebase:firebase-auth:19.1.0] AndroidManifest.xml:36:13-38:85
81                android:name="com.google.firebase.components:com.google.firebase.auth.FirebaseAuthRegistrar"
81-->[com.google.firebase:firebase-auth:19.1.0] AndroidManifest.xml:37:17-109
82                android:value="com.google.firebase.components.ComponentRegistrar" />
82-->[com.google.firebase:firebase-auth:19.1.0] AndroidManifest.xml:38:17-82
83            <meta-data
83-->[com.google.firebase:firebase-firestore:21.1.1] AndroidManifest.xml:20:13-22:85
84                android:name="com.google.firebase.components:com.google.firebase.firestore.FirestoreRegistrar"
84-->[com.google.firebase:firebase-firestore:21.1.1] AndroidManifest.xml:21:17-111
85                android:value="com.google.firebase.components.ComponentRegistrar" />
85-->[com.google.firebase:firebase-firestore:21.1.1] AndroidManifest.xml:22:17-82
86            <meta-data
86-->[com.google.firebase:firebase-storage:17.0.0] AndroidManifest.xml:31:13-33:85
87                android:name="com.google.firebase.components:com.google.firebase.storage.StorageRegistrar"
87-->[com.google.firebase:firebase-storage:17.0.0] AndroidManifest.xml:32:17-107
88                android:value="com.google.firebase.components.ComponentRegistrar" />
88-->[com.google.firebase:firebase-storage:17.0.0] AndroidManifest.xml:33:17-82
89            <meta-data
89-->[com.google.android.gms:play-services-measurement-api:17.2.0] AndroidManifest.xml:30:13-32:85
90                android:name="com.google.firebase.components:com.google.firebase.analytics.connector.internal.AnalyticsConnectorRegistrar"
90-->[com.google.android.gms:play-services-measurement-api:17.2.0] AndroidManifest.xml:31:17-139
91                android:value="com.google.firebase.components.ComponentRegistrar" />
91-->[com.google.android.gms:play-services-measurement-api:17.2.0] AndroidManifest.xml:32:17-82
92            <meta-data
92-->[com.google.firebase:firebase-iid:19.0.0] AndroidManifest.xml:32:13-34:85
93                android:name="com.google.firebase.components:com.google.firebase.iid.Registrar"
93-->[com.google.firebase:firebase-iid:19.0.0] AndroidManifest.xml:33:17-96
94                android:value="com.google.firebase.components.ComponentRegistrar" />
94-->[com.google.firebase:firebase-iid:19.0.0] AndroidManifest.xml:34:17-82
95        </service>
96
97        <provider
97-->[:image_picker] AndroidManifest.xml:11:9-19:20
98            android:name="io.flutter.plugins.imagepicker.ImagePickerFileProvider"
98-->[:image_picker] AndroidManifest.xml:12:13-82
99            android:authorities="com.example.fitflow.flutter.image_provider"
99-->[:image_picker] AndroidManifest.xml:13:13-74
100            android:exported="false"
100-->[:image_picker] AndroidManifest.xml:14:13-37
101            android:grantUriPermissions="true" >
101-->[:image_picker] AndroidManifest.xml:15:13-47
102            <meta-data
102-->[:image_picker] AndroidManifest.xml:16:13-18:75
103                android:name="android.support.FILE_PROVIDER_PATHS"
103-->[:image_picker] AndroidManifest.xml:17:17-67
104                android:resource="@xml/flutter_image_picker_file_paths" />
104-->[:image_picker] AndroidManifest.xml:18:17-72
105        </provider>
106
107        <activity
107-->[com.google.firebase:firebase-auth:19.1.0] AndroidManifest.xml:24:9-31:50
108            android:name="com.google.firebase.auth.internal.FederatedSignInActivity"
108-->[com.google.firebase:firebase-auth:19.1.0] AndroidManifest.xml:25:13-85
109            android:excludeFromRecents="true"
109-->[com.google.firebase:firebase-auth:19.1.0] AndroidManifest.xml:26:13-46
110            android:exported="true"
110-->[com.google.firebase:firebase-auth:19.1.0] AndroidManifest.xml:27:13-36
111            android:launchMode="singleTask"
111-->[com.google.firebase:firebase-auth:19.1.0] AndroidManifest.xml:28:13-44
112            android:permission="com.google.firebase.auth.api.gms.permission.LAUNCH_FEDERATED_SIGN_IN"
112-->[com.google.firebase:firebase-auth:19.1.0] AndroidManifest.xml:29:13-102
113            android:theme="@android:style/Theme.Translucent.NoTitleBar" />
113-->[com.google.firebase:firebase-auth:19.1.0] AndroidManifest.xml:30:13-72
114
115        <receiver
115-->[com.google.firebase:firebase-iid:19.0.0] AndroidManifest.xml:37:9-44:20
116            android:name="com.google.firebase.iid.FirebaseInstanceIdReceiver"
116-->[com.google.firebase:firebase-iid:19.0.0] AndroidManifest.xml:38:13-78
117            android:exported="true"
117-->[com.google.firebase:firebase-iid:19.0.0] AndroidManifest.xml:39:13-36
118            android:permission="com.google.android.c2dm.permission.SEND" >
118-->[com.google.firebase:firebase-iid:19.0.0] AndroidManifest.xml:40:13-73
119            <intent-filter>
119-->[com.google.firebase:firebase-iid:19.0.0] AndroidManifest.xml:41:13-43:29
120                <action android:name="com.google.android.c2dm.intent.RECEIVE" />
120-->[com.google.firebase:firebase-iid:19.0.0] AndroidManifest.xml:42:17-81
120-->[com.google.firebase:firebase-iid:19.0.0] AndroidManifest.xml:42:25-78
121            </intent-filter>
122        </receiver>
123
124        <activity
124-->[com.google.android.gms:play-services-base:17.1.0] AndroidManifest.xml:23:9-26:75
125            android:name="com.google.android.gms.common.api.GoogleApiActivity"
125-->[com.google.android.gms:play-services-base:17.1.0] AndroidManifest.xml:24:13-79
126            android:exported="false"
126-->[com.google.android.gms:play-services-base:17.1.0] AndroidManifest.xml:25:13-37
127            android:theme="@android:style/Theme.Translucent.NoTitleBar" />
127-->[com.google.android.gms:play-services-base:17.1.0] AndroidManifest.xml:26:13-72
128
129        <receiver
129-->[com.google.android.gms:play-services-measurement:17.2.0] AndroidManifest.xml:29:9-33:20
130            android:name="com.google.android.gms.measurement.AppMeasurementReceiver"
130-->[com.google.android.gms:play-services-measurement:17.2.0] AndroidManifest.xml:30:13-85
131            android:enabled="true"
131-->[com.google.android.gms:play-services-measurement:17.2.0] AndroidManifest.xml:31:13-35
132            android:exported="false" >
132-->[com.google.android.gms:play-services-measurement:17.2.0] AndroidManifest.xml:32:13-37
133        </receiver>
134        <receiver
134-->[com.google.android.gms:play-services-measurement:17.2.0] AndroidManifest.xml:34:9-42:20
135            android:name="com.google.android.gms.measurement.AppMeasurementInstallReferrerReceiver"
135-->[com.google.android.gms:play-services-measurement:17.2.0] AndroidManifest.xml:35:13-100
136            android:enabled="true"
136-->[com.google.android.gms:play-services-measurement:17.2.0] AndroidManifest.xml:36:13-35
137            android:exported="true"
137-->[com.google.android.gms:play-services-measurement:17.2.0] AndroidManifest.xml:37:13-36
138            android:permission="android.permission.INSTALL_PACKAGES" >
138-->[com.google.android.gms:play-services-measurement:17.2.0] AndroidManifest.xml:38:13-69
139            <intent-filter>
139-->[com.google.android.gms:play-services-measurement:17.2.0] AndroidManifest.xml:39:13-41:29
140                <action android:name="com.android.vending.INSTALL_REFERRER" />
140-->[com.google.android.gms:play-services-measurement:17.2.0] AndroidManifest.xml:40:17-79
140-->[com.google.android.gms:play-services-measurement:17.2.0] AndroidManifest.xml:40:25-76
141            </intent-filter>
142        </receiver>
143
144        <service
144-->[com.google.android.gms:play-services-measurement:17.2.0] AndroidManifest.xml:44:9-47:40
145            android:name="com.google.android.gms.measurement.AppMeasurementService"
145-->[com.google.android.gms:play-services-measurement:17.2.0] AndroidManifest.xml:45:13-84
146            android:enabled="true"
146-->[com.google.android.gms:play-services-measurement:17.2.0] AndroidManifest.xml:46:13-35
147            android:exported="false" />
147-->[com.google.android.gms:play-services-measurement:17.2.0] AndroidManifest.xml:47:13-37
148        <service
148-->[com.google.android.gms:play-services-measurement:17.2.0] AndroidManifest.xml:48:9-52:72
149            android:name="com.google.android.gms.measurement.AppMeasurementJobService"
149-->[com.google.android.gms:play-services-measurement:17.2.0] AndroidManifest.xml:49:13-87
150            android:enabled="true"
150-->[com.google.android.gms:play-services-measurement:17.2.0] AndroidManifest.xml:50:13-35
151            android:exported="false"
151-->[com.google.android.gms:play-services-measurement:17.2.0] AndroidManifest.xml:51:13-37
152            android:permission="android.permission.BIND_JOB_SERVICE" />
152-->[com.google.android.gms:play-services-measurement:17.2.0] AndroidManifest.xml:52:13-69
153
154        <provider
154-->[com.google.firebase:firebase-common:19.1.0] AndroidManifest.xml:17:9-21:39
155            android:name="com.google.firebase.provider.FirebaseInitProvider"
155-->[com.google.firebase:firebase-common:19.1.0] AndroidManifest.xml:18:13-77
156            android:authorities="com.example.fitflow.firebaseinitprovider"
156-->[com.google.firebase:firebase-common:19.1.0] AndroidManifest.xml:19:13-72
157            android:exported="false"
157-->[com.google.firebase:firebase-common:19.1.0] AndroidManifest.xml:20:13-37
158            android:initOrder="100" />
158-->[com.google.firebase:firebase-common:19.1.0] AndroidManifest.xml:21:13-36
159
160        <meta-data
160-->[com.google.android.gms:play-services-basement:17.0.0] AndroidManifest.xml:23:9-25:69
161            android:name="com.google.android.gms.version"
161-->[com.google.android.gms:play-services-basement:17.0.0] AndroidManifest.xml:24:13-58
162            android:value="@integer/google_play_services_version" />
162-->[com.google.android.gms:play-services-basement:17.0.0] AndroidManifest.xml:25:13-66
163    </application>
164
165</manifest>